<?xml version="1.0" encoding="UTF-8"?>
<testng-results ignored="0" total="10" passed="10" failed="0" skipped="0">
  <reporter-output>
  </reporter-output>
  <suite started-at="2021-08-29T23:26:30 SGT" name="Default suite" finished-at="2021-08-29T23:27:29 SGT" duration-ms="58268">
    <groups>
      <group name="cucumber">
        <method signature="AbstractTestNGCucumberTests.runScenario(io.cucumber.testng.PickleWrapper,io.cucumber.testng.FeatureWrapper)[pri:0, instance:com.runners.TestsRunner@42e99e4a]" name="runScenario" class="io.cucumber.testng.AbstractTestNGCucumberTests"/>
      </group> <!-- cucumber -->
    </groups>
    <test started-at="2021-08-29T23:26:30 SGT" name="Default test" finished-at="2021-08-29T23:27:29 SGT" duration-ms="58268">
      <class name="com.runners.TestsRunner">
        <test-method is-config="true" signature="setUpClass()[pri:0, instance:com.runners.TestsRunner@42e99e4a]" started-at="2021-08-29T23:26:30 SGT" name="setUpClass" finished-at="2021-08-29T23:26:31 SGT" duration-ms="561" status="PASS">
          <reporter-output>
          </reporter-output>
        </test-method> <!-- setUpClass -->
        <test-method is-config="true" signature="setup()[pri:0, instance:com.runners.TestsRunner@42e99e4a]" started-at="2021-08-29T23:26:31 SGT" name="setup" finished-at="2021-08-29T23:26:31 SGT" duration-ms="43" status="PASS">
          <reporter-output>
          </reporter-output>
        </test-method> <!-- setup -->
        <test-method signature="runScenario(io.cucumber.testng.PickleWrapper,io.cucumber.testng.FeatureWrapper)[pri:0, instance:com.runners.TestsRunner@42e99e4a]" started-at="2021-08-29T23:26:31 SGT" name="runScenario" description="Runs Cucumber Scenarios" data-provider="scenarios" finished-at="2021-08-29T23:26:36 SGT" duration-ms="5244" status="PASS">
          <params>
            <param index="0">
              <value>
                <![CDATA["Validate navigation to the todomvc list page"]]>
              </value>
            </param>
            <param index="1">
              <value>
                <![CDATA["Optional[Scenarios to validate ToDoMVC page]"]]>
              </value>
            </param>
          </params>
          <reporter-output>
          </reporter-output>
        </test-method> <!-- runScenario -->
        <test-method signature="runScenario(io.cucumber.testng.PickleWrapper,io.cucumber.testng.FeatureWrapper)[pri:0, instance:com.runners.TestsRunner@42e99e4a]" started-at="2021-08-29T23:26:36 SGT" name="runScenario" description="Runs Cucumber Scenarios" data-provider="scenarios" finished-at="2021-08-29T23:26:41 SGT" duration-ms="4932" status="PASS">
          <params>
            <param index="0">
              <value>
                <![CDATA["Validate creation of a todo list"]]>
              </value>
            </param>
            <param index="1">
              <value>
                <![CDATA["Optional[Scenarios to validate ToDoMVC page]"]]>
              </value>
            </param>
          </params>
          <reporter-output>
          </reporter-output>
        </test-method> <!-- runScenario -->
        <test-method signature="runScenario(io.cucumber.testng.PickleWrapper,io.cucumber.testng.FeatureWrapper)[pri:0, instance:com.runners.TestsRunner@42e99e4a]" started-at="2021-08-29T23:26:41 SGT" name="runScenario" description="Runs Cucumber Scenarios" data-provider="scenarios" finished-at="2021-08-29T23:26:46 SGT" duration-ms="5106" status="PASS">
          <params>
            <param index="0">
              <value>
                <![CDATA["Verify various filters from footer"]]>
              </value>
            </param>
            <param index="1">
              <value>
                <![CDATA["Optional[Scenarios to validate ToDoMVC page]"]]>
              </value>
            </param>
          </params>
          <reporter-output>
          </reporter-output>
        </test-method> <!-- runScenario -->
        <test-method signature="runScenario(io.cucumber.testng.PickleWrapper,io.cucumber.testng.FeatureWrapper)[pri:0, instance:com.runners.TestsRunner@42e99e4a]" started-at="2021-08-29T23:26:46 SGT" name="runScenario" description="Runs Cucumber Scenarios" data-provider="scenarios" finished-at="2021-08-29T23:26:52 SGT" duration-ms="5911" status="PASS">
          <params>
            <param index="0">
              <value>
                <![CDATA["Verify Clear completed link from footer"]]>
              </value>
            </param>
            <param index="1">
              <value>
                <![CDATA["Optional[Scenarios to validate ToDoMVC page]"]]>
              </value>
            </param>
          </params>
          <reporter-output>
          </reporter-output>
        </test-method> <!-- runScenario -->
        <test-method signature="runScenario(io.cucumber.testng.PickleWrapper,io.cucumber.testng.FeatureWrapper)[pri:0, instance:com.runners.TestsRunner@42e99e4a]" started-at="2021-08-29T23:26:52 SGT" name="runScenario" description="Runs Cucumber Scenarios" data-provider="scenarios" finished-at="2021-08-29T23:26:58 SGT" duration-ms="5632" status="PASS">
          <params>
            <param index="0">
              <value>
                <![CDATA["Validate marking all items as completed functionality"]]>
              </value>
            </param>
            <param index="1">
              <value>
                <![CDATA["Optional[Scenarios to validate ToDoMVC page]"]]>
              </value>
            </param>
          </params>
          <reporter-output>
          </reporter-output>
        </test-method> <!-- runScenario -->
        <test-method signature="runScenario(io.cucumber.testng.PickleWrapper,io.cucumber.testng.FeatureWrapper)[pri:0, instance:com.runners.TestsRunner@42e99e4a]" started-at="2021-08-29T23:26:58 SGT" name="runScenario" description="Runs Cucumber Scenarios" data-provider="scenarios" finished-at="2021-08-29T23:27:03 SGT" duration-ms="5393" status="PASS">
          <params>
            <param index="0">
              <value>
                <![CDATA["Validate removing active and completed items by clicking on destroy button"]]>
              </value>
            </param>
            <param index="1">
              <value>
                <![CDATA["Optional[Scenarios to validate ToDoMVC page]"]]>
              </value>
            </param>
          </params>
          <reporter-output>
          </reporter-output>
        </test-method> <!-- runScenario -->
        <test-method signature="runScenario(io.cucumber.testng.PickleWrapper,io.cucumber.testng.FeatureWrapper)[pri:0, instance:com.runners.TestsRunner@42e99e4a]" started-at="2021-08-29T23:27:03 SGT" name="runScenario" description="Runs Cucumber Scenarios" data-provider="scenarios" finished-at="2021-08-29T23:27:09 SGT" duration-ms="5701" status="PASS">
          <params>
            <param index="0">
              <value>
                <![CDATA["Validate editing a todo item"]]>
              </value>
            </param>
            <param index="1">
              <value>
                <![CDATA["Optional[Scenarios to validate ToDoMVC page]"]]>
              </value>
            </param>
          </params>
          <reporter-output>
          </reporter-output>
        </test-method> <!-- runScenario -->
        <test-method signature="runScenario(io.cucumber.testng.PickleWrapper,io.cucumber.testng.FeatureWrapper)[pri:0, instance:com.runners.TestsRunner@42e99e4a]" started-at="2021-08-29T23:27:09 SGT" name="runScenario" description="Runs Cucumber Scenarios" data-provider="scenarios" finished-at="2021-08-29T23:27:14 SGT" duration-ms="4672" status="PASS">
          <params>
            <param index="0">
              <value>
                <![CDATA["Validate whether user is defaulted to home page after clearing all completed items"]]>
              </value>
            </param>
            <param index="1">
              <value>
                <![CDATA["Optional[Scenarios to validate ToDoMVC page]"]]>
              </value>
            </param>
          </params>
          <reporter-output>
          </reporter-output>
        </test-method> <!-- runScenario -->
        <test-method signature="runScenario(io.cucumber.testng.PickleWrapper,io.cucumber.testng.FeatureWrapper)[pri:0, instance:com.runners.TestsRunner@42e99e4a]" started-at="2021-08-29T23:27:14 SGT" name="runScenario" description="Runs Cucumber Scenarios" data-provider="scenarios" finished-at="2021-08-29T23:27:24 SGT" duration-ms="10268" status="PASS">
          <params>
            <param index="0">
              <value>
                <![CDATA["Verify whether list is maintained when user launches the application in same browser session"]]>
              </value>
            </param>
            <param index="1">
              <value>
                <![CDATA["Optional[Scenarios to validate ToDoMVC page]"]]>
              </value>
            </param>
          </params>
          <reporter-output>
          </reporter-output>
        </test-method> <!-- runScenario -->
        <test-method signature="runScenario(io.cucumber.testng.PickleWrapper,io.cucumber.testng.FeatureWrapper)[pri:0, instance:com.runners.TestsRunner@42e99e4a]" started-at="2021-08-29T23:27:24 SGT" name="runScenario" description="Runs Cucumber Scenarios" data-provider="scenarios" finished-at="2021-08-29T23:27:28 SGT" duration-ms="4674" status="PASS">
          <params>
            <param index="0">
              <value>
                <![CDATA["Verify if user doesn't press enter key entered data is not added to the list"]]>
              </value>
            </param>
            <param index="1">
              <value>
                <![CDATA["Optional[Scenarios to validate ToDoMVC page]"]]>
              </value>
            </param>
          </params>
          <reporter-output>
          </reporter-output>
        </test-method> <!-- runScenario -->
        <test-method is-config="true" signature="tearDown()[pri:0, instance:com.runners.TestsRunner@42e99e4a]" started-at="2021-08-29T23:27:28 SGT" name="tearDown" finished-at="2021-08-29T23:27:29 SGT" duration-ms="24" status="PASS">
          <reporter-output>
          </reporter-output>
        </test-method> <!-- tearDown -->
        <test-method is-config="true" signature="tearDownClass()[pri:0, instance:com.runners.TestsRunner@42e99e4a]" started-at="2021-08-29T23:27:29 SGT" name="tearDownClass" finished-at="2021-08-29T23:27:29 SGT" duration-ms="62" status="PASS">
          <reporter-output>
          </reporter-output>
        </test-method> <!-- tearDownClass -->
      </class> <!-- com.runners.TestsRunner -->
    </test> <!-- Default test -->
  </suite> <!-- Default suite -->
</testng-results>
